<?xml version="1.0" encoding="UTF-8"?>
<!-- Generated by org.testng.reporters.JUnitReportReporter -->
<testsuite hostname="LAPTOP-CNSGLOJC" failures="0" tests="3" name="TestNGbasics.First" time="0.009" errors="0" timestamp="2022-11-02T13:03:06 IST" skipped="0">
  <testcase classname="TestNGbasics.First" name="testC" time="0.006"/>
  <system-out/>
  <testcase classname="TestNGbasics.First" name="testB" time="0.001"/>
  <system-out/>
  <testcase classname="TestNGbasics.First" name="testA" time="0.002"/>
  <system-out/>
</testsuite> <!-- TestNGbasics.First -->
