<?xml version="1.0" encoding="UTF-8"?>
<!-- Generated by org.testng.reporters.JUnitReportReporter -->
<testsuite hostname="LAPTOP-CNSGLOJC" failures="0" tests="4" name="TestNGbasics.TestNGTest1" time="1.808" errors="0" timestamp="2022-11-02T13:04:02 IST" skipped="0">
  <testcase classname="TestNGbasics.TestNGTest1" name="urlTest" time="0.016"/>
  <system-out/>
  <testcase classname="TestNGbasics.TestNGTest1" name="logoTest" time="0.060"/>
  <system-out/>
  <testcase classname="TestNGbasics.TestNGTest1" name="firstTryItUrself" time="1.062"/>
  <system-out/>
  <testcase classname="TestNGbasics.TestNGTest1" name="secondTryItUrself" time="0.670"/>
  <system-out/>
</testsuite> <!-- TestNGbasics.TestNGTest1 -->
